0 functions matched total, 0 name-only matches, 2 thunks resolved, 77 functions skipped because they were too small
Analysis update took 12.276 seconds
Symgrate2: 080201d4 frame_dummy
Symgrate2: 080201f0 arm_bitreversal_32
Symgrate2: 0802025a arm_bitreversal_32
Symgrate2: 080202b0 strlen
Symgrate2: 08020360 __aeabi_drsub
Symgrate2: 08020368 __aeabi_dsub
Symgrate2: 0802036c __aeabi_dadd
Symgrate2: 080205e4 __aeabi_ui2d
Symgrate2: 08020604 __aeabi_ui2d
Symgrate2: 08020628 __aeabi_f2d
Symgrate2: 0802066c __aeabi_ul2d
Symgrate2: 0802067c __aeabi_l2d
Symgrate2: 080206d8 __aeabi_dmul
Symgrate2: 0802092c __aeabi_dmul
Symgrate2: 08020b0c __eqdf2
Symgrate2: 08020b88 __aeabi_cdrcmple
Symgrate2: 08020b98 __aeabi_cdcmple
Symgrate2: 08020c0c __aeabi_dcmpun
Symgrate2: 08020c38 __aeabi_d2iz
Symgrate2: 08020c88 __aeabi_d2uiz
Symgrate2: 08020d68 __aeabi_uldivmod
Symgrate2: 08020d98 __udivmoddi4
Symgrate2: 08022244 _HTTPServer_sleepms
Symgrate2: 08023bf0 __kernel_rem_pio2
Symgrate2: 08027fac arm_fir_f32
Symgrate2: 08028380 arm_fir_f32
Symgrate2: 08028e88 arm_fir_f32
Symgrate2: 0802a658 GUI_GetBkColor
Symgrate2: 0802a668 _HTTPServer_sleepms
Symgrate2: 0802a920 IS_BIT_SET
Symgrate2: 0802ab70 OSMboxPostOpt
Symgrate2: 0802cea4 _ZN11__gnu_debug19_Safe_iterator_base8_M_resetEv
Symgrate2: 0802f0d0 fdopen
Symgrate2: 0802f114 fdopen
Symgrate2: 08030248 _ZN10JSAPI_GPIO9JiggleLowEjj
Symgrate2: 08032bb4 ??isblank_0
Symgrate2: 08032dd8 arm_fill_f32
Symgrate2: 08032e14 arm_copy_f32
Symgrate2: 08032e74 arm_min_f32
Symgrate2: 08032f44 arm_cfft_radix8by2_f32
Symgrate2: 080330e8 arm_cfft_radix8by4_f32
Symgrate2: 080335a4 arm_cfft_f32
Symgrate2: 08033698 arm_fir_interpolate_init_q31
Symgrate2: 080336d0 arm_fir_interpolate_f32
Symgrate2: 08033b08 arm_fir_init_q31
Symgrate2: 08033b2c arm_fir_f32
Symgrate2: 08033ff4 arm_fir_decimate_f32
Symgrate2: 0803436c arm_biquad_cascade_df1_f32
Symgrate2: 0803450c arm_cmplx_mag_f32
Symgrate2: 080346dc arm_sin_f32
Symgrate2: 08034764 arm_cos_f32
Symgrate2: 080347e4 arm_scale_f32
Symgrate2: 08034850 arm_radix8_butterfly_f32
Symgrate2: 08034e20 __libc_init_array
Symgrate2: 08034e68 memcpy
Symgrate2: 08034e7e memset
Symgrate2: 08034e8e __cvt
Symgrate2: 08034f50 __exponent
Symgrate2: 08034fb8 _printf_float
Symgrate2: 08035438 _printf_common
Symgrate2: 08035524 _printf_i
Symgrate2: 08035748 _scanf_float
Symgrate2: 08035b0c iprintf
Symgrate2: 08035b3c _puts_r
Symgrate2: 08035c04 setvbuf
Symgrate2: 08035d60 nanf
Symgrate2: 08035d6c sniprintf
Symgrate2: 08035dd4 siprintf
Symgrate2: 08035e14 sulp
Symgrate2: 08035e50 _strtod_l
Symgrate2: 08036a38 strptime
Symgrate2: 08036a58 _strtoul_l.isra.0
Symgrate2: 08036b50 strftime
Symgrate2: 08036b74 __swbuf_r
Symgrate2: 08036c18 __swsetup_r
Symgrate2: 08036cf4 quorem
Symgrate2: 08036e10 _dtoa_r
Symgrate2: 08037980 __sflush_r
Symgrate2: 08037a8c _fflush_unlocked_r
Symgrate2: 08037ae0 std
Symgrate2: 08037b34 __sfmoreglue
Symgrate2: 08037b60 __sinit
Symgrate2: 08037bc0 __sfp
Symgrate2: 08037c38 _fwalk_reent
Symgrate2: 08037c74 rshift
Symgrate2: 08037ce8 __hexdig_fun
Symgrate2: 08037d12 __gethex
Symgrate2: 08038154 L_shift
Symgrate2: 08038178 __match
Symgrate2: 080381a0 __hexnan
Symgrate2: 080382cc _localeconv_r
Symgrate2: 080382e8 __swhatbuf_r
Symgrate2: 08038330 __smakebuf_r
Symgrate2: 080383c0 __ascii_mbtowc
Symgrate2: 080383e4 _Balloc
Symgrate2: 0803844c _Bfree
Symgrate2: 0803847a __multadd
Symgrate2: 080384f0 __s2b
Symgrate2: 0803856c __hi0bits
Symgrate2: 080385aa __lo0bits
Symgrate2: 08038608 __i2b
Symgrate2: 0803861a __multiply
Symgrate2: 08038748 __pow5mult
Symgrate2: 080387e4 __lshift
Symgrate2: 0803888c __mcmp
Symgrate2: 080388c0 __mdiff
Symgrate2: 0803897c __ulp
Symgrate2: 080389cc __b2d
Symgrate2: 08038a68 __d2b
Symgrate2: 08038b06 __ratio
Symgrate2: 08038b6c __copybits
Symgrate2: 08038ba0 __any_on
Symgrate2: 08038be2 _calloc_r
Symgrate2: 08038c00 _free_r
Symgrate2: 08038c9c _malloc_r
Symgrate2: 08038d50 __ssputs_r
Symgrate2: 08038ff4 __sfputc_r
Symgrate2: 08039022 __sfputs_r
Symgrate2: 08039274 _close_r
Symgrate2: 08039294 __sread
Symgrate2: 080392b6 __swrite
Symgrate2: 080392ee __sseek
Symgrate2: 0803931a strncmp
Symgrate2: 08039358 _execve_r
Symgrate2: 0803939c _fstat_r
Symgrate2: 080393c0 _close_r
Symgrate2: 080393e0 _execve_r
Symgrate2: 08039404 memmove
Symgrate2: 0803943a _realloc_r
Symgrate2: 08039488 _execve_r
Symgrate2: 080394ac _malloc_usable_size_r
Symgrate2: 080399fc acosf
Symgrate2: 0803a4e0 arm_fir_f32
Symgrate2: 0803a9e4 __kernel_sinf
Symgrate2: 0803aa86 finitef
Symgrate2: 0803ab50 scalbnf
Symgrate2: 0803ac10 copysignf
Symgrate2: 0803ac28 _init
Symgrate2: Searched 948 functions and found 138 matches.
