SVD-Loader.py> Finished!
NameFunctions.java> Running...
NameFunctions.java> 080201f0: arm_bitreversal_32
NameFunctions.java> 0802036c: __aeabi_dadd
NameFunctions.java> 080205e4: __aeabi_ui2d
NameFunctions.java> 08020604: __aeabi_ui2d
NameFunctions.java> 08020628: __aeabi_f2d
NameFunctions.java> 080206d8: __aeabi_dmul
NameFunctions.java> 0802092c: __aeabi_dmul
NameFunctions.java> 08020b0c: __eqdf2
NameFunctions.java> 08020c0c: __aeabi_dcmpun
NameFunctions.java> 08020c38: __aeabi_d2iz
NameFunctions.java> 08020c88: __aeabi_d2uiz
NameFunctions.java> 08020d68: __aeabi_uldivmod
NameFunctions.java> 08020d98: __udivmoddi4
NameFunctions.java> 08022244: _HTTPServer_sleepms
NameFunctions.java> 08023bf0: __kernel_rem_pio2
NameFunctions.java> 08027fac: arm_fir_f32
NameFunctions.java> 08028380: arm_fir_f32
NameFunctions.java> 08028e88: arm_fir_f32
NameFunctions.java> 0802a668: _HTTPServer_sleepms
NameFunctions.java> 0802a920: IS_BIT_SET
NameFunctions.java> 0802ab70: OSMboxPostOpt
NameFunctions.java> 0802f0d0: fdopen
NameFunctions.java> 0802f114: fdopen
NameFunctions.java> 08030248: _ZN10JSAPI_GPIO9JiggleLowEjj
NameFunctions.java> 08032dd8: arm_fill_f32
NameFunctions.java> 08032e14: arm_copy_f32
NameFunctions.java> 08032e74: arm_min_f32
NameFunctions.java> 08032f44: arm_cfft_radix8by2_f32
NameFunctions.java> 080330e8: arm_cfft_radix8by4_f32
NameFunctions.java> 080335a4: arm_cfft_f32
NameFunctions.java> 08033698: arm_fir_interpolate_init_q31
NameFunctions.java> 080336d0: arm_fir_interpolate_f32
NameFunctions.java> 08033b08: arm_fir_init_q31
NameFunctions.java> 08033b2c: arm_fir_f32
NameFunctions.java> 08033ff4: arm_fir_decimate_f32
NameFunctions.java> 0803436c: arm_biquad_cascade_df1_f32
NameFunctions.java> 0803450c: arm_cmplx_mag_f32
NameFunctions.java> 080346dc: arm_sin_f32
NameFunctions.java> 08034764: arm_cos_f32
NameFunctions.java> 080347e4: arm_scale_f32
NameFunctions.java> 08034850: arm_radix8_butterfly_f32
NameFunctions.java> 08034e20: __libc_init_array
NameFunctions.java> 08034e68: memcpy
NameFunctions.java> 08034e8e: __cvt
NameFunctions.java> 08034f50: __exponent
NameFunctions.java> 08034fb8: _printf_float
NameFunctions.java> 08035438: _printf_common
NameFunctions.java> 08035524: _printf_i
NameFunctions.java> 08035748: _scanf_float
NameFunctions.java> 08035b0c: iprintf
NameFunctions.java> 08035c04: setvbuf
NameFunctions.java> 08035d6c: sniprintf
NameFunctions.java> 08035dd4: siprintf
NameFunctions.java> 08035e14: sulp
NameFunctions.java> 08036a38: strptime
NameFunctions.java> 08036a58: _strtoul_l.isra.0
NameFunctions.java> 08036b50: strftime
NameFunctions.java> 08036b74: __swbuf_r
NameFunctions.java> 08036c18: __swsetup_r
NameFunctions.java> 08036cf4: quorem
NameFunctions.java> 08036e10: _dtoa_r
NameFunctions.java> 08037a8c: _fflush_unlocked_r
NameFunctions.java> 08037ae0: std
NameFunctions.java> 08037b34: __sfmoreglue
NameFunctions.java> 08037b60: __sinit
NameFunctions.java> 08037bc0: __sfp
NameFunctions.java> 08037c38: _fwalk_reent
NameFunctions.java> 08037c74: rshift
NameFunctions.java> 08037ce8: __hexdig_fun
NameFunctions.java> 08037d12: __gethex
NameFunctions.java> 08038154: L_shift
NameFunctions.java> 08038178: __match
NameFunctions.java> 080381a0: __hexnan
NameFunctions.java> 080382e8: __swhatbuf_r
NameFunctions.java> 08038330: __smakebuf_r
NameFunctions.java> 080383e4: _Balloc
NameFunctions.java> 0803844c: _Bfree
NameFunctions.java> 0803847a: __multadd
NameFunctions.java> 080384f0: __s2b
NameFunctions.java> 0803856c: __hi0bits
NameFunctions.java> 080385aa: __lo0bits
NameFunctions.java> 0803861a: __multiply
NameFunctions.java> 08038748: __pow5mult
NameFunctions.java> 080387e4: __lshift
NameFunctions.java> 0803888c: __mcmp
NameFunctions.java> 080388c0: __mdiff
NameFunctions.java> 0803897c: __ulp
NameFunctions.java> 080389cc: __b2d
NameFunctions.java> 08038a68: __d2b
NameFunctions.java> 08038b06: __ratio
NameFunctions.java> 08038b6c: __copybits
NameFunctions.java> 08038ba0: __any_on
NameFunctions.java> 08038be2: _calloc_r
NameFunctions.java> 08038c00: _free_r
NameFunctions.java> 08038c9c: _malloc_r
NameFunctions.java> 08038d50: __ssputs_r
NameFunctions.java> 08038ff4: __sfputc_r
NameFunctions.java> 08039022: __sfputs_r
NameFunctions.java> 08039274: _close_r
NameFunctions.java> 08039294: __sread
NameFunctions.java> 080392b6: __swrite
NameFunctions.java> 080392ee: __sseek
NameFunctions.java> 0803931a: strncmp
NameFunctions.java> 0803939c: _fstat_r
NameFunctions.java> 080393c0: _close_r
NameFunctions.java> 080393e0: _execve_r
NameFunctions.java> 08039404: memmove
NameFunctions.java> 0803943a: _realloc_r
NameFunctions.java> 08039488: _execve_r
NameFunctions.java> 080399fc: acosf
NameFunctions.java> 0803a4e0: arm_fir_f32
NameFunctions.java> 0803a9e4: __kernel_sinf
NameFunctions.java> 0803aa86: finitef
NameFunctions.java> 0803ab50: scalbnf
NameFunctions.java> 0803ac10: nextafterf
NameFunctions.java> Symbol recovery complete.
NameFunctions.java> Finished!
